<?xml version="1.0" encoding="UTF-8"?>
<coverage generated="1642650593303" clover="3.2.0">
  <project timestamp="1642650593303" name="All files">
    <metrics statements="7" coveredstatements="7" conditionals="0" coveredconditionals="0" methods="4" coveredmethods="4" elements="11" coveredelements="11" complexity="0" loc="7" ncloc="7" packages="1" files="2" classes="2"/>
    <file name="car.js" path="D:\Jest\src\utils\car.js">
      <metrics statements="5" coveredstatements="5" conditionals="0" coveredconditionals="0" methods="2" coveredmethods="2"/>
      <line num="4" count="1" type="stmt"/>
      <line num="8" count="1" type="stmt"/>
      <line num="11" count="1" type="stmt"/>
      <line num="12" count="1" type="stmt"/>
      <line num="13" count="1" type="stmt"/>
    </file>
    <file name="math.js" path="D:\Jest\src\utils\math.js">
      <metrics statements="2" coveredstatements="2" conditionals="0" coveredconditionals="0" methods="2" coveredmethods="2"/>
      <line num="1" count="2" type="stmt"/>
      <line num="3" count="2" type="stmt"/>
    </file>
  </project>
</coverage>
